# JRE version: Java(TM) SE Runtime Environment (22.0.2+9) (build 22.0.2+9-70)
# Java VM: Java HotSpot(TM) 64-Bit Server VM (22.0.2+9-70, mixed mode, sharing, tiered, compressed oops, compressed class ptrs, g1 gc, windows-amd64)
GC Precious Log:
 CardTable entry size: 512
 Card Set container configuration: InlinePtr #cards 5 size 8 Array Of Cards #cards 12 size 40 Howl #buckets 4 coarsen threshold 1843 Howl Bitmap #cards 512 size 80 coarsen threshold 460 Card regions per heap region 1 cards per card region 2048
 CPUs: 20 total, 20 available
 Memory: 7893M
 Large Page Support: Disabled
 NUMA Support: Disabled
 Compressed Oops: Enabled (32-bit)
 Heap Region Size: 1M
 Heap Min Capacity: 8M
 Heap Initial Capacity: 124M
 Heap Max Capacity: 1974M
 Pre-touch: Disabled
 Parallel Workers: 15
 Concurrent Workers: 4
 Concurrent Refinement Workers: 15
 Periodic GC: Disabled
Heap:
 garbage-first heap   total reserved 2021376K, committed 109568K, used 87454K [0x0000000084a00000, 0x0000000100000000)
  region size 1024K, 55 young (56320K), 4 survivors (4096K)
 Metaspace       used 81663K, committed 82560K, reserved 1179648K
  class space    used 11171K, committed 11584K, reserved 1048576K
GC Heap History (20 events):
Event: 4.038 GC heap before
{Heap before GC invocations=14 (full 0):
 garbage-first heap   total reserved 2021376K, committed 75776K, used 64290K [0x0000000084a00000, 0x0000000100000000)
  region size 1024K, 44 young (45056K), 4 survivors (4096K)
 Metaspace       used 47394K, committed 48000K, reserved 1114112K
  class space    used 6208K, committed 6464K, reserved 1048576K
}
Event: 4.041 GC heap after
{Heap after GC invocations=15 (full 0):
 garbage-first heap   total reserved 2021376K, committed 75776K, used 24498K [0x0000000084a00000, 0x0000000100000000)
  region size 1024K, 4 young (4096K), 4 survivors (4096K)
 Metaspace       used 47394K, committed 48000K, reserved 1114112K
  class space    used 6208K, committed 6464K, reserved 1048576K
}
Event: 4.353 GC heap before
{Heap before GC invocations=15 (full 0):
 garbage-first heap   total reserved 2021376K, committed 75776K, used 65458K [0x0000000084a00000, 0x0000000100000000)
  region size 1024K, 44 young (45056K), 4 survivors (4096K)
 Metaspace       used 51110K, committed 51712K, reserved 1114112K
  class space    used 6686K, committed 6912K, reserved 1048576K
}
Event: 4.356 GC heap after
{Heap after GC invocations=16 (full 0):
 garbage-first heap   total reserved 2021376K, committed 75776K, used 25449K [0x0000000084a00000, 0x0000000100000000)
  region size 1024K, 5 young (5120K), 5 survivors (5120K)
 Metaspace       used 51110K, committed 51712K, reserved 1114112K
  class space    used 6686K, committed 6912K, reserved 1048576K
}
Event: 4.585 GC heap before
{Heap before GC invocations=16 (full 0):
 garbage-first heap   total reserved 2021376K, committed 75776K, used 64361K [0x0000000084a00000, 0x0000000100000000)
  region size 1024K, 43 young (44032K), 5 survivors (5120K)
 Metaspace       used 55282K, committed 55936K, reserved 1114112K
  class space    used 7357K, committed 7616K, reserved 1048576K
}
Event: 4.589 GC heap after
{Heap after GC invocations=17 (full 0):
 garbage-first heap   total reserved 2021376K, committed 75776K, used 26563K [0x0000000084a00000, 0x0000000100000000)
  region size 1024K, 4 young (4096K), 4 survivors (4096K)
 Metaspace       used 55282K, committed 55936K, reserved 1114112K
  class space    used 7357K, committed 7616K, reserved 1048576K
}
Event: 4.871 GC heap before
{Heap before GC invocations=17 (full 0):
 garbage-first heap   total reserved 2021376K, committed 75776K, used 65475K [0x0000000084a00000, 0x0000000100000000)
  region size 1024K, 43 young (44032K), 4 survivors (4096K)
 Metaspace       used 59293K, committed 59904K, reserved 1114112K
  class space    used 7985K, committed 8256K, reserved 1048576K
}
Event: 4.874 GC heap after
{Heap after GC invocations=18 (full 0):
 garbage-first heap   total reserved 2021376K, committed 75776K, used 27061K [0x0000000084a00000, 0x0000000100000000)
  region size 1024K, 4 young (4096K), 4 survivors (4096K)
 Metaspace       used 59293K, committed 59904K, reserved 1114112K
  class space    used 7985K, committed 8256K, reserved 1048576K
}
Event: 4.900 GC heap before
{Heap before GC invocations=18 (full 0):
 garbage-first heap   total reserved 2021376K, committed 75776K, used 30133K [0x0000000084a00000, 0x0000000100000000)
  region size 1024K, 8 young (8192K), 4 survivors (4096K)
 Metaspace       used 59716K, committed 60288K, reserved 1114112K
  class space    used 8060K, committed 8320K, reserved 1048576K
}
Event: 4.902 GC heap after
{Heap after GC invocations=19 (full 0):
 garbage-first heap   total reserved 2021376K, committed 75776K, used 27201K [0x0000000084a00000, 0x0000000100000000)
  region size 1024K, 3 young (3072K), 3 survivors (3072K)
 Metaspace       used 59716K, committed 60288K, reserved 1114112K
  class space    used 8060K, committed 8320K, reserved 1048576K
}
Event: 5.208 GC heap before
{Heap before GC invocations=20 (full 0):
 garbage-first heap   total reserved 2021376K, committed 75776K, used 66113K [0x0000000084a00000, 0x0000000100000000)
  region size 1024K, 42 young (43008K), 3 survivors (3072K)
 Metaspace       used 63007K, committed 63744K, reserved 1114112K
  class space    used 8586K, committed 8960K, reserved 1048576K
}
Event: 5.211 GC heap after
{Heap after GC invocations=21 (full 0):
 garbage-first heap   total reserved 2021376K, committed 91136K, used 28540K [0x0000000084a00000, 0x0000000100000000)
  region size 1024K, 4 young (4096K), 4 survivors (4096K)
 Metaspace       used 63007K, committed 63744K, reserved 1114112K
  class space    used 8586K, committed 8960K, reserved 1048576K
}
Event: 5.558 GC heap before
{Heap before GC invocations=21 (full 0):
 garbage-first heap   total reserved 2021376K, committed 91136K, used 78716K [0x0000000084a00000, 0x0000000100000000)
  region size 1024K, 53 young (54272K), 4 survivors (4096K)
 Metaspace       used 67211K, committed 67904K, reserved 1114112K
  class space    used 9157K, committed 9472K, reserved 1048576K
}
Event: 5.562 GC heap after
{Heap after GC invocations=22 (full 0):
 garbage-first heap   total reserved 2021376K, committed 91136K, used 30221K [0x0000000084a00000, 0x0000000100000000)
  region size 1024K, 6 young (6144K), 6 survivors (6144K)
 Metaspace       used 67211K, committed 67904K, reserved 1114112K
  class space    used 9157K, committed 9472K, reserved 1048576K
}
Event: 5.854 GC heap before
{Heap before GC invocations=22 (full 0):
 garbage-first heap   total reserved 2021376K, committed 91136K, used 78349K [0x0000000084a00000, 0x0000000100000000)
  region size 1024K, 53 young (54272K), 6 survivors (6144K)
 Metaspace       used 70144K, committed 70976K, reserved 1114112K
  class space    used 9550K, committed 9920K, reserved 1048576K
}
Event: 5.858 GC heap after
{Heap after GC invocations=23 (full 0):
 garbage-first heap   total reserved 2021376K, committed 91136K, used 32411K [0x0000000084a00000, 0x0000000100000000)
  region size 1024K, 6 young (6144K), 6 survivors (6144K)
 Metaspace       used 70144K, committed 70976K, reserved 1114112K
  class space    used 9550K, committed 9920K, reserved 1048576K
}
Event: 6.196 GC heap before
{Heap before GC invocations=23 (full 0):
 garbage-first heap   total reserved 2021376K, committed 91136K, used 79515K [0x0000000084a00000, 0x0000000100000000)
  region size 1024K, 52 young (53248K), 6 survivors (6144K)
 Metaspace       used 72726K, committed 73536K, reserved 1114112K
  class space    used 9909K, committed 10304K, reserved 1048576K
}
Event: 6.202 GC heap after
{Heap after GC invocations=24 (full 0):
 garbage-first heap   total reserved 2021376K, committed 91136K, used 35325K [0x0000000084a00000, 0x0000000100000000)
  region size 1024K, 6 young (6144K), 6 survivors (6144K)
 Metaspace       used 72726K, committed 73536K, reserved 1114112K
  class space    used 9909K, committed 10304K, reserved 1048576K
}
Event: 13.894 GC heap before
{Heap before GC invocations=24 (full 0):
 garbage-first heap   total reserved 2021376K, committed 91136K, used 77309K [0x0000000084a00000, 0x0000000100000000)
  region size 1024K, 48 young (49152K), 6 survivors (6144K)
 Metaspace       used 77216K, committed 78144K, reserved 1179648K
  class space    used 10542K, committed 10944K, reserved 1048576K
}
Event: 13.899 GC heap after
{Heap after GC invocations=25 (full 0):
 garbage-first heap   total reserved 2021376K, committed 109568K, used 36254K [0x0000000084a00000, 0x0000000100000000)
  region size 1024K, 4 young (4096K), 4 survivors (4096K)
 Metaspace       used 77216K, committed 78144K, reserved 1179648K
  class space    used 10542K, committed 10944K, reserved 1048576K
}

